\BOOKMARK [1][-]{Doc-Start}{\376\377\000I\000n\000h\000a\000l\000t\000s\000v\000e\000r\000z\000e\000i\000c\000h\000n\000i\000s}{}% 1
\BOOKMARK [1][-]{section.1}{\376\377\000E\000i\000n\000s\000t\000i\000e\000g\000\040\000u\000n\000d\000\040\000V\000e\000r\000w\000e\000n\000d\000u\000n\000g}{}% 2
\BOOKMARK [1][-]{section.2}{\376\377\000V\000e\000r\000z\000e\000i\000c\000h\000n\000i\000s\000s\000e\000\040\000u\000n\000d\000\040\000S\000o\000n\000d\000e\000r\000s\000e\000i\000t\000e\000n}{}% 3
\BOOKMARK [2][-]{subsection.2.1}{\376\377\000T\000i\000t\000e\000l\000s\000e\000i\000t\000e}{section.2}% 4
\BOOKMARK [2][-]{subsection.2.2}{\376\377\000N\000o\000m\000e\000n\000k\000l\000a\000t\000u\000r}{section.2}% 5
\BOOKMARK [2][-]{subsection.2.3}{\376\377\000L\000i\000t\000e\000r\000a\000t\000u\000r\000v\000e\000r\000z\000e\000i\000c\000h\000n\000i\000s}{section.2}% 6
\BOOKMARK [2][-]{subsection.2.4}{\376\377\000A\000n\000h\000a\000n\000g}{section.2}% 7
\BOOKMARK [1][-]{section.3}{\376\377\000F\000a\000r\000b\000g\000e\000b\000u\000n\000g\000\040\000u\000n\000d\000\040\000L\000o\000g\000o\000s}{}% 8
\BOOKMARK [1][-]{section.4}{\376\377\000I\000n\000h\000a\000l\000t\000e\000\040\000e\000r\000s\000t\000e\000l\000l\000e\000n}{}% 9
\BOOKMARK [2][-]{subsection.4.1}{\376\377\000Z\000i\000t\000a\000t\000e}{section.4}% 10
\BOOKMARK [2][-]{subsection.4.2}{\376\377\000H\000e\000r\000v\000o\000r\000h\000e\000b\000u\000n\000g\000e\000n}{section.4}% 11
\BOOKMARK [2][-]{subsection.4.3}{\376\377\000A\000b\000b\000i\000l\000d\000u\000n\000g\000e\000n}{section.4}% 12
\BOOKMARK [2][-]{subsection.4.4}{\376\377\000T\000a\000b\000e\000l\000l\000e\000n}{section.4}% 13
\BOOKMARK [2][-]{subsection.4.5}{\376\377\000M\000a\000t\000h\000e\000m\000a\000t\000i\000k\000-\000U\000m\000g\000e\000b\000u\000n\000g}{section.4}% 14
\BOOKMARK [2][-]{subsection.4.6}{\376\377\000A\000l\000g\000o\000r\000i\000t\000h\000m\000e\000n}{section.4}% 15
\BOOKMARK [2][-]{subsection.4.7}{\376\377\000Q\000u\000e\000l\000l\000t\000e\000x\000t\000e}{section.4}% 16
\BOOKMARK [1][-]{section.5}{\376\377\000Z\000u\000s\000\344\000t\000z\000l\000i\000c\000h\000e\000\040\000B\000e\000f\000e\000h\000l\000e}{}% 17
\BOOKMARK [1][-]{section.6}{\376\377\000S\000o\000n\000d\000e\000r\000z\000e\000i\000c\000h\000e\000n\000\040\000u\000n\000d\000\040\000z\000u\000s\000\344\000t\000z\000l\000i\000c\000h\000e\000\040\000S\000y\000m\000b\000o\000l\000e}{}% 18
\BOOKMARK [1][-]{section.6}{\376\377\000A\000b\000b\000i\000l\000d\000u\000n\000g\000s\000v\000e\000r\000z\000e\000i\000c\000h\000n\000i\000s}{}% 19
\BOOKMARK [1][-]{section*.3}{\376\377\000T\000a\000b\000e\000l\000l\000e\000n\000v\000e\000r\000z\000e\000i\000c\000h\000n\000i\000s}{}% 20
